
> frontend@0.1.0 dev /app/frontend
> next dev

   ▲ Next.js 16.0.10 (Turbopack)
   - Local:         http://localhost:3000
   - Network:       http://192.168.0.2:3000

 ✓ Starting...
Attention: Next.js now collects completely anonymous telemetry regarding usage.
This information is used to shape Next.js' roadmap and prioritize features.
You can learn more, including how to opt-out if you'd not like to participate in this anonymous program, by visiting the following URL:
https://nextjs.org/telemetry

 ✓ Ready in 1083ms
 ○ Compiling /test-palette ...
 ⨯ ./src/app/test-palette/page.tsx:1:17
Ecmascript file had an error
[0m[31m[1m>[22m[39m[90m 1 |[39m [36mimport[39m [33mReact[39m[33m,[39m { useState } [36mfrom[39m [32m'react'[39m[33m;[39m
 [90m   |[39m                 [31m[1m^[22m[39m[31m[1m^[22m[39m[31m[1m^[22m[39m[31m[1m^[22m[39m[31m[1m^[22m[39m[31m[1m^[22m[39m[31m[1m^[22m[39m[31m[1m^[22m[39m
 [90m 2 |[39m [36mimport[39m { [33mJobListItem[39m } [36mfrom[39m [32m'@/components/JobListItem'[39m[33m;[39m
 [90m 3 |[39m [36mimport[39m { [33mJobResponse[39m } [36mfrom[39m [32m'@/lib/api'[39m[33m;[39m
 [90m 4 |[39m[0m

You're importing a component that needs `useState`. This React Hook only works in a Client Component. To fix, mark the file (or its parent) with the `"use client"` directive.

 Learn more: https://nextjs.org/docs/app/api-reference/directives/use-client




 GET /test-palette 500 in 4.4s (compile: 4.2s, render: 176ms)
 ✓ Compiled in 72ms
